{"/home/ryth/projects/stage-1/src/app.controller.ts": {"path":"/home/ryth/projects/stage-1/src/app.controller.ts","statementMap":{"0":{"start":{"line":1,"column":0},"end":{"line":1,"column":49}},"1":{"start":{"line":2,"column":0},"end":{"line":2,"column":43}},"2":{"start":{"line":5,"column":7},"end":{"line":12,"column":null}},"3":{"start":{"line":6,"column":31},"end":{"line":6,"column":43}},"4":{"start":{"line":10,"column":4},"end":{"line":10,"column":38}},"5":{"start":{"line":5,"column":13},"end":{"line":5,"column":26}},"6":{"start":{"line":9,"column":2},"end":{"line":11,"column":null}},"7":{"start":{"line":5,"column":13},"end":{"line":12,"column":null}}},"fnMap":{"0":{"name":"(anonymous_2)","decl":{"start":{"line":6,"column":2},"end":{"line":6,"column":31}},"loc":{"start":{"line":6,"column":53},"end":{"line":6,"column":57}}},"1":{"name":"(anonymous_3)","decl":{"start":{"line":9,"column":2},"end":{"line":9,"column":10}},"loc":{"start":{"line":9,"column":10},"end":{"line":11,"column":3}}}},"branchMap":{"0":{"loc":{"start":{"line":6,"column":43},"end":{"line":6,"column":56}},"type":"cond-expr","locations":[{"start":{"line":6,"column":53},"end":{"line":6,"column":56}},{"start":{"line":6,"column":53},"end":{"line":6,"column":56}}]},"1":{"loc":{"start":{"line":6,"column":43},"end":{"line":6,"column":53}},"type":"binary-expr","locations":[{"start":{"line":6,"column":43},"end":{"line":6,"column":56}},{"start":{"line":6,"column":43},"end":{"line":6,"column":53}}]}},"s":{"0":1,"1":1,"2":1,"3":1,"4":1,"5":1,"6":1,"7":1},"f":{"0":1,"1":1},"b":{"0":[1,0],"1":[1,1]}}
,"/home/ryth/projects/stage-1/src/app.module.ts": {"path":"/home/ryth/projects/stage-1/src/app.module.ts","statementMap":{"0":{"start":{"line":1,"column":0},"end":{"line":1,"column":40}},"1":{"start":{"line":2,"column":0},"end":{"line":2,"column":49}},"2":{"start":{"line":3,"column":0},"end":{"line":3,"column":43}},"3":{"start":{"line":5,"column":0},"end":{"line":5,"column":46}},"4":{"start":{"line":6,"column":0},"end":{"line":6,"column":60}},"5":{"start":{"line":7,"column":0},"end":{"line":7,"column":59}},"6":{"start":{"line":14,"column":7},"end":{"line":14,"column":null}},"7":{"start":{"line":14,"column":13},"end":{"line":14,"column":22}},"8":{"start":{"line":14,"column":13},"end":{"line":14,"column":null}}},"fnMap":{},"branchMap":{},"s":{"0":0,"1":0,"2":0,"3":0,"4":0,"5":0,"6":0,"7":0,"8":0},"f":{},"b":{}}
,"/home/ryth/projects/stage-1/src/app.service.ts": {"path":"/home/ryth/projects/stage-1/src/app.service.ts","statementMap":{"0":{"start":{"line":1,"column":0},"end":{"line":1,"column":44}},"1":{"start":{"line":4,"column":7},"end":{"line":8,"column":null}},"2":{"start":{"line":6,"column":4},"end":{"line":6,"column":26}},"3":{"start":{"line":4,"column":13},"end":{"line":4,"column":23}},"4":{"start":{"line":4,"column":13},"end":{"line":8,"column":null}}},"fnMap":{"0":{"name":"(anonymous_1)","decl":{"start":{"line":5,"column":2},"end":{"line":5,"column":10}},"loc":{"start":{"line":5,"column":10},"end":{"line":7,"column":3}}}},"branchMap":{},"s":{"0":1,"1":1,"2":1,"3":1,"4":1},"f":{"0":1},"b":{}}
,"/home/ryth/projects/stage-1/src/main.ts": {"path":"/home/ryth/projects/stage-1/src/main.ts","statementMap":{"0":{"start":{"line":1,"column":0},"end":{"line":1,"column":43}},"1":{"start":{"line":2,"column":0},"end":{"line":2,"column":41}},"2":{"start":{"line":3,"column":0},"end":{"line":3,"column":48}},"3":{"start":{"line":6,"column":14},"end":{"line":6,"column":49}},"4":{"start":{"line":8,"column":2},"end":{"line":8,"column":34}},"5":{"start":{"line":9,"column":2},"end":{"line":9,"column":29}},"6":{"start":{"line":10,"column":2},"end":{"line":10,"column":79}},"7":{"start":{"line":12,"column":2},"end":{"line":12,"column":45}},"8":{"start":{"line":14,"column":0},"end":{"line":14,"column":12}}},"fnMap":{"0":{"name":"bootstrap","decl":{"start":{"line":5,"column":15},"end":{"line":5,"column":24}},"loc":{"start":{"line":5,"column":24},"end":{"line":13,"column":1}}}},"branchMap":{"0":{"loc":{"start":{"line":12,"column":19},"end":{"line":12,"column":43}},"type":"binary-expr","locations":[{"start":{"line":12,"column":19},"end":{"line":12,"column":35}},{"start":{"line":12,"column":39},"end":{"line":12,"column":43}}]}},"s":{"0":0,"1":0,"2":0,"3":0,"4":0,"5":0,"6":0,"7":0,"8":0},"f":{"0":0},"b":{"0":[0,0]}}
,"/home/ryth/projects/stage-1/src/profiles/prisma.service.ts": {"path":"/home/ryth/projects/stage-1/src/profiles/prisma.service.ts","statementMap":{"0":{"start":{"line":1,"column":0},"end":{"line":1,"column":58}},"1":{"start":{"line":2,"column":0},"end":{"line":2,"column":46}},"2":{"start":{"line":5,"column":7},"end":{"line":9,"column":null}},"3":{"start":{"line":7,"column":4},"end":{"line":7,"column":26}},"4":{"start":{"line":5,"column":13},"end":{"line":5,"column":26}},"5":{"start":{"line":5,"column":13},"end":{"line":9,"column":null}}},"fnMap":{"0":{"name":"(anonymous_1)","decl":{"start":{"line":6,"column":2},"end":{"line":6,"column":7}},"loc":{"start":{"line":6,"column":20},"end":{"line":8,"column":3}}}},"branchMap":{},"s":{"0":2,"1":2,"2":2,"3":0,"4":2,"5":2},"f":{"0":0},"b":{}}
,"/home/ryth/projects/stage-1/src/profiles/profiles.controller.ts": {"path":"/home/ryth/projects/stage-1/src/profiles/profiles.controller.ts","statementMap":{"0":{"start":{"line":1,"column":0},"end":{"line":1,"column":null}},"1":{"start":{"line":12,"column":0},"end":{"line":12,"column":53}},"2":{"start":{"line":13,"column":0},"end":{"line":13,"column":60}},"3":{"start":{"line":16,"column":7},"end":{"line":43,"column":null}},"4":{"start":{"line":17,"column":31},"end":{"line":17,"column":48}},"5":{"start":{"line":21,"column":4},"end":{"line":21,"column":57}},"6":{"start":{"line":26,"column":4},"end":{"line":26,"column":44}},"7":{"start":{"line":35,"column":4},"end":{"line":35,"column":75}},"8":{"start":{"line":41,"column":4},"end":{"line":41,"column":43}},"9":{"start":{"line":16,"column":13},"end":{"line":16,"column":31}},"10":{"start":{"line":20,"column":8},"end":{"line":22,"column":null}},"11":{"start":{"line":25,"column":8},"end":{"line":27,"column":null}},"12":{"start":{"line":30,"column":8},"end":{"line":36,"column":null}},"13":{"start":{"line":40,"column":8},"end":{"line":42,"column":null}},"14":{"start":{"line":16,"column":13},"end":{"line":43,"column":null}}},"fnMap":{"0":{"name":"(anonymous_4)","decl":{"start":{"line":17,"column":2},"end":{"line":17,"column":31}},"loc":{"start":{"line":17,"column":63},"end":{"line":17,"column":67}}},"1":{"name":"(anonymous_5)","decl":{"start":{"line":20,"column":8},"end":{"line":20,"column":14}},"loc":{"start":{"line":20,"column":57},"end":{"line":22,"column":3}}},"2":{"name":"(anonymous_6)","decl":{"start":{"line":25,"column":8},"end":{"line":25,"column":15}},"loc":{"start":{"line":25,"column":39},"end":{"line":27,"column":3}}},"3":{"name":"(anonymous_7)","decl":{"start":{"line":30,"column":8},"end":{"line":30,"column":15}},"loc":{"start":{"line":33,"column":42},"end":{"line":36,"column":3}}},"4":{"name":"(anonymous_8)","decl":{"start":{"line":40,"column":8},"end":{"line":40,"column":14}},"loc":{"start":{"line":40,"column":38},"end":{"line":42,"column":3}}}},"branchMap":{"0":{"loc":{"start":{"line":20,"column":41},"end":{"line":20,"column":null}},"type":"cond-expr","locations":[{"start":{"line":20,"column":57},"end":{"line":20,"column":null}},{"start":{"line":20,"column":57},"end":{"line":20,"column":null}}]},"1":{"loc":{"start":{"line":20,"column":41},"end":{"line":20,"column":57}},"type":"binary-expr","locations":[{"start":{"line":20,"column":41},"end":{"line":20,"column":null}},{"start":{"line":20,"column":41},"end":{"line":20,"column":57}}]},"2":{"loc":{"start":{"line":17,"column":48},"end":{"line":17,"column":66}},"type":"cond-expr","locations":[{"start":{"line":17,"column":63},"end":{"line":17,"column":66}},{"start":{"line":17,"column":63},"end":{"line":17,"column":66}}]},"3":{"loc":{"start":{"line":17,"column":48},"end":{"line":17,"column":63}},"type":"binary-expr","locations":[{"start":{"line":17,"column":48},"end":{"line":17,"column":66}},{"start":{"line":17,"column":48},"end":{"line":17,"column":63}}]}},"s":{"0":1,"1":1,"2":1,"3":1,"4":5,"5":1,"6":1,"7":1,"8":1,"9":1,"10":1,"11":1,"12":1,"13":1,"14":1},"f":{"0":5,"1":1,"2":1,"3":1,"4":1},"b":{"0":[1,0],"1":[1,1],"2":[1,0],"3":[1,1]}}
,"/home/ryth/projects/stage-1/src/profiles/profiles.module.ts": {"path":"/home/ryth/projects/stage-1/src/profiles/profiles.module.ts","statementMap":{"0":{"start":{"line":1,"column":0},"end":{"line":1,"column":40}},"1":{"start":{"line":2,"column":0},"end":{"line":2,"column":53}},"2":{"start":{"line":3,"column":0},"end":{"line":3,"column":59}},"3":{"start":{"line":10,"column":7},"end":{"line":10,"column":null}},"4":{"start":{"line":10,"column":13},"end":{"line":10,"column":27}},"5":{"start":{"line":10,"column":13},"end":{"line":10,"column":null}}},"fnMap":{},"branchMap":{},"s":{"0":0,"1":0,"2":0,"3":0,"4":0,"5":0},"f":{},"b":{}}
,"/home/ryth/projects/stage-1/src/profiles/profiles.service.ts": {"path":"/home/ryth/projects/stage-1/src/profiles/profiles.service.ts","statementMap":{"0":{"start":{"line":1,"column":0},"end":{"line":1,"column":null}},"1":{"start":{"line":7,"column":0},"end":{"line":7,"column":49}},"2":{"start":{"line":8,"column":0},"end":{"line":8,"column":44}},"3":{"start":{"line":9,"column":0},"end":{"line":9,"column":38}},"4":{"start":{"line":10,"column":0},"end":{"line":10,"column":32}},"5":{"start":{"line":23,"column":7},"end":{"line":171,"column":null}},"6":{"start":{"line":25,"column":12},"end":{"line":25,"column":20}},"7":{"start":{"line":26,"column":12},"end":{"line":26,"column":25}},"8":{"start":{"line":30,"column":4},"end":{"line":35,"column":5}},"9":{"start":{"line":31,"column":23},"end":{"line":31,"column":70}},"10":{"start":{"line":32,"column":6},"end":{"line":32,"column":27}},"11":{"start":{"line":34,"column":6},"end":{"line":34,"column":77}},"12":{"start":{"line":39,"column":21},"end":{"line":39,"column":37}},"13":{"start":{"line":40,"column":4},"end":{"line":42,"column":5}},"14":{"start":{"line":41,"column":6},"end":{"line":41,"column":56}},"15":{"start":{"line":44,"column":22},"end":{"line":44,"column":47}},"16":{"start":{"line":47,"column":21},"end":{"line":49,"column":6}},"17":{"start":{"line":51,"column":4},"end":{"line":57,"column":5}},"18":{"start":{"line":52,"column":6},"end":{"line":56,"column":8}},"19":{"start":{"line":60,"column":48},"end":{"line":66,"column":6}},"20":{"start":{"line":69,"column":4},"end":{"line":71,"column":5}},"21":{"start":{"line":70,"column":6},"end":{"line":70,"column":77}},"22":{"start":{"line":72,"column":4},"end":{"line":74,"column":5}},"23":{"start":{"line":73,"column":6},"end":{"line":73,"column":73}},"24":{"start":{"line":75,"column":4},"end":{"line":77,"column":5}},"25":{"start":{"line":76,"column":6},"end":{"line":76,"column":79}},"26":{"start":{"line":79,"column":23},"end":{"line":80,"column":null}},"27":{"start":{"line":80,"column":6},"end":{"line":80,"column":55}},"28":{"start":{"line":84,"column":6},"end":{"line":90,"column":22}},"29":{"start":{"line":92,"column":20},"end":{"line":104,"column":6}},"30":{"start":{"line":106,"column":4},"end":{"line":109,"column":6}},"31":{"start":{"line":113,"column":20},"end":{"line":113,"column":75}},"32":{"start":{"line":114,"column":4},"end":{"line":115,"column":73}},"33":{"start":{"line":115,"column":6},"end":{"line":115,"column":73}},"34":{"start":{"line":116,"column":4},"end":{"line":116,"column":68}},"35":{"start":{"line":124,"column":23},"end":{"line":124,"column":25}},"36":{"start":{"line":126,"column":4},"end":{"line":126,"column":68}},"37":{"start":{"line":126,"column":24},"end":{"line":126,"column":68}},"38":{"start":{"line":127,"column":4},"end":{"line":127,"column":79}},"39":{"start":{"line":127,"column":28},"end":{"line":127,"column":79}},"40":{"start":{"line":128,"column":4},"end":{"line":128,"column":76}},"41":{"start":{"line":128,"column":27},"end":{"line":128,"column":76}},"42":{"start":{"line":130,"column":21},"end":{"line":140,"column":6}},"43":{"start":{"line":142,"column":4},"end":{"line":146,"column":6}},"44":{"start":{"line":150,"column":4},"end":{"line":152,"column":7}},"45":{"start":{"line":151,"column":6},"end":{"line":151,"column":73}},"46":{"start":{"line":153,"column":4},"end":{"line":153,"column":11}},"47":{"start":{"line":157,"column":4},"end":{"line":169,"column":6}},"48":{"start":{"line":23,"column":13},"end":{"line":23,"column":28}},"49":{"start":{"line":23,"column":13},"end":{"line":171,"column":null}}},"fnMap":{"0":{"name":"(anonymous_2)","decl":{"start":{"line":24,"column":2},"end":{"line":24,"column":null}},"loc":{"start":{"line":26,"column":36},"end":{"line":27,"column":6}}},"1":{"name":"(anonymous_3)","decl":{"start":{"line":29,"column":10},"end":{"line":29,"column":15}},"loc":{"start":{"line":29,"column":39},"end":{"line":36,"column":3}}},"2":{"name":"(anonymous_4)","decl":{"start":{"line":38,"column":2},"end":{"line":38,"column":7}},"loc":{"start":{"line":38,"column":49},"end":{"line":110,"column":3}}},"3":{"name":"(anonymous_5)","decl":{"start":{"line":79,"column":51},"end":{"line":79,"column":52}},"loc":{"start":{"line":80,"column":6},"end":{"line":80,"column":55}}},"4":{"name":"(anonymous_6)","decl":{"start":{"line":112,"column":2},"end":{"line":112,"column":7}},"loc":{"start":{"line":112,"column":26},"end":{"line":117,"column":3}}},"5":{"name":"(anonymous_7)","decl":{"start":{"line":119,"column":2},"end":{"line":119,"column":7}},"loc":{"start":{"line":123,"column":3},"end":{"line":147,"column":3}}},"6":{"name":"(anonymous_8)","decl":{"start":{"line":149,"column":2},"end":{"line":149,"column":7}},"loc":{"start":{"line":149,"column":25},"end":{"line":154,"column":3}}},"7":{"name":"(anonymous_9)","decl":{"start":{"line":150,"column":62},"end":{"line":150,"column":65}},"loc":{"start":{"line":150,"column":67},"end":{"line":152,"column":5}}},"8":{"name":"(anonymous_10)","decl":{"start":{"line":156,"column":10},"end":{"line":156,"column":23}},"loc":{"start":{"line":156,"column":36},"end":{"line":170,"column":3}}}},"branchMap":{"0":{"loc":{"start":{"line":40,"column":4},"end":{"line":42,"column":5}},"type":"if","locations":[{"start":{"line":40,"column":4},"end":{"line":42,"column":5}},{"start":{},"end":{}}]},"1":{"loc":{"start":{"line":51,"column":4},"end":{"line":57,"column":5}},"type":"if","locations":[{"start":{"line":51,"column":4},"end":{"line":57,"column":5}},{"start":{},"end":{}}]},"2":{"loc":{"start":{"line":69,"column":4},"end":{"line":71,"column":5}},"type":"if","locations":[{"start":{"line":69,"column":4},"end":{"line":71,"column":5}},{"start":{},"end":{}}]},"3":{"loc":{"start":{"line":69,"column":8},"end":{"line":69,"column":52}},"type":"binary-expr","locations":[{"start":{"line":69,"column":8},"end":{"line":69,"column":26}},{"start":{"line":69,"column":30},"end":{"line":69,"column":52}}]},"4":{"loc":{"start":{"line":72,"column":4},"end":{"line":74,"column":5}},"type":"if","locations":[{"start":{"line":72,"column":4},"end":{"line":74,"column":5}},{"start":{},"end":{}}]},"5":{"loc":{"start":{"line":72,"column":8},"end":{"line":72,"column":57}},"type":"binary-expr","locations":[{"start":{"line":72,"column":8},"end":{"line":72,"column":28}},{"start":{"line":72,"column":32},"end":{"line":72,"column":57}}]},"6":{"loc":{"start":{"line":75,"column":4},"end":{"line":77,"column":5}},"type":"if","locations":[{"start":{"line":75,"column":4},"end":{"line":77,"column":5}},{"start":{},"end":{}}]},"7":{"loc":{"start":{"line":75,"column":8},"end":{"line":75,"column":66}},"type":"binary-expr","locations":[{"start":{"line":75,"column":8},"end":{"line":75,"column":29}},{"start":{"line":75,"column":33},"end":{"line":75,"column":66}}]},"8":{"loc":{"start":{"line":80,"column":6},"end":{"line":80,"column":55}},"type":"cond-expr","locations":[{"start":{"line":80,"column":44},"end":{"line":80,"column":48}},{"start":{"line":80,"column":51},"end":{"line":80,"column":55}}]},"9":{"loc":{"start":{"line":84,"column":6},"end":{"line":90,"column":22}},"type":"cond-expr","locations":[{"start":{"line":85,"column":10},"end":{"line":85,"column":17}},{"start":{"line":86,"column":10},"end":{"line":90,"column":22}}]},"10":{"loc":{"start":{"line":86,"column":10},"end":{"line":90,"column":22}},"type":"cond-expr","locations":[{"start":{"line":87,"column":12},"end":{"line":87,"column":22}},{"start":{"line":88,"column":12},"end":{"line":90,"column":22}}]},"11":{"loc":{"start":{"line":88,"column":12},"end":{"line":90,"column":22}},"type":"cond-expr","locations":[{"start":{"line":89,"column":14},"end":{"line":89,"column":21}},{"start":{"line":90,"column":14},"end":{"line":90,"column":22}}]},"12":{"loc":{"start":{"line":114,"column":4},"end":{"line":115,"column":73}},"type":"if","locations":[{"start":{"line":114,"column":4},"end":{"line":115,"column":73}},{"start":{},"end":{}}]},"13":{"loc":{"start":{"line":126,"column":4},"end":{"line":126,"column":68}},"type":"if","locations":[{"start":{"line":126,"column":4},"end":{"line":126,"column":68}},{"start":{},"end":{}}]},"14":{"loc":{"start":{"line":127,"column":4},"end":{"line":127,"column":79}},"type":"if","locations":[{"start":{"line":127,"column":4},"end":{"line":127,"column":79}},{"start":{},"end":{}}]},"15":{"loc":{"start":{"line":128,"column":4},"end":{"line":128,"column":76}},"type":"if","locations":[{"start":{"line":128,"column":4},"end":{"line":128,"column":76}},{"start":{},"end":{}}]},"16":{"loc":{"start":{"line":25,"column":20},"end":{"line":25,"column":null}},"type":"cond-expr","locations":[{"start":{"line":25,"column":33},"end":{"line":25,"column":null}},{"start":{"line":25,"column":33},"end":{"line":25,"column":null}}]},"17":{"loc":{"start":{"line":25,"column":20},"end":{"line":25,"column":33}},"type":"binary-expr","locations":[{"start":{"line":25,"column":20},"end":{"line":25,"column":null}},{"start":{"line":25,"column":20},"end":{"line":25,"column":33}}]},"18":{"loc":{"start":{"line":25,"column":33},"end":{"line":26,"column":null}},"type":"cond-expr","locations":[{"start":{"line":26,"column":36},"end":{"line":26,"column":null}},{"start":{"line":26,"column":36},"end":{"line":26,"column":null}}]},"19":{"loc":{"start":{"line":25,"column":33},"end":{"line":26,"column":36}},"type":"binary-expr","locations":[{"start":{"line":25,"column":33},"end":{"line":26,"column":null}},{"start":{"line":26,"column":25},"end":{"line":26,"column":36}}]}},"s":{"0":2,"1":2,"2":2,"3":2,"4":2,"5":2,"6":5,"7":5,"8":6,"9":6,"10":6,"11":0,"12":3,"13":3,"14":0,"15":3,"16":3,"17":3,"18":1,"19":2,"20":2,"21":1,"22":1,"23":0,"24":1,"25":0,"26":1,"27":0,"28":1,"29":1,"30":1,"31":0,"32":0,"33":0,"34":0,"35":1,"36":1,"37":1,"38":1,"39":1,"40":1,"41":0,"42":1,"43":1,"44":0,"45":0,"46":0,"47":2,"48":2,"49":2},"f":{"0":5,"1":6,"2":3,"3":0,"4":0,"5":1,"6":0,"7":0,"8":2},"b":{"0":[0,3],"1":[1,2],"2":[1,1],"3":[2,1],"4":[0,1],"5":[1,1],"6":[0,1],"7":[1,1],"8":[0,0],"9":[0,1],"10":[0,1],"11":[1,0],"12":[0,0],"13":[1,0],"14":[1,0],"15":[0,1],"16":[2,0],"17":[2,2],"18":[2,0],"19":[2,2]}}
,"/home/ryth/projects/stage-1/src/profiles/dto/create-profile.dto.ts": {"path":"/home/ryth/projects/stage-1/src/profiles/dto/create-profile.dto.ts","statementMap":{"0":{"start":{"line":1,"column":0},"end":{"line":1,"column":55}},"1":{"start":{"line":3,"column":0},"end":{"line":3,"column":13}},"2":{"start":{"line":6,"column":2},"end":{"line":6,"column":null}}},"fnMap":{},"branchMap":{},"s":{"0":1,"1":1,"2":1},"f":{},"b":{}}
}
