TN:
SF:src/app.controller.ts
FN:6,(anonymous_2)
FN:9,(anonymous_3)
FNF:2
FNH:2
FNDA:1,(anonymous_2)
FNDA:1,(anonymous_3)
DA:1,1
DA:2,1
DA:5,1
DA:6,1
DA:9,1
DA:10,1
LF:6
LH:6
BRDA:6,0,0,1
BRDA:6,0,1,0
BRDA:6,1,0,1
BRDA:6,1,1,1
BRF:4
BRH:3
end_of_record
TN:
SF:src/app.module.ts
FNF:0
FNH:0
DA:1,0
DA:2,0
DA:3,0
DA:5,0
DA:6,0
DA:7,0
DA:14,0
LF:7
LH:0
BRF:0
BRH:0
end_of_record
TN:
SF:src/app.service.ts
FN:5,(anonymous_1)
FNF:1
FNH:1
FNDA:1,(anonymous_1)
DA:1,1
DA:4,1
DA:6,1
LF:3
LH:3
BRF:0
BRH:0
end_of_record
TN:
SF:src/main.ts
FN:5,bootstrap
FNF:1
FNH:0
FNDA:0,bootstrap
DA:1,0
DA:2,0
DA:3,0
DA:6,0
DA:8,0
DA:9,0
DA:10,0
DA:12,0
DA:14,0
LF:9
LH:0
BRDA:12,0,0,0
BRDA:12,0,1,0
BRF:2
BRH:0
end_of_record
TN:
SF:src/profiles/prisma.service.ts
FN:6,(anonymous_1)
FNF:1
FNH:0
FNDA:0,(anonymous_1)
DA:1,2
DA:2,2
DA:5,2
DA:7,0
LF:4
LH:3
BRF:0
BRH:0
end_of_record
TN:
SF:src/profiles/profiles.controller.ts
FN:17,(anonymous_4)
FN:20,(anonymous_5)
FN:25,(anonymous_6)
FN:30,(anonymous_7)
FN:40,(anonymous_8)
FNF:5
FNH:5
FNDA:5,(anonymous_4)
FNDA:1,(anonymous_5)
FNDA:1,(anonymous_6)
FNDA:1,(anonymous_7)
FNDA:1,(anonymous_8)
DA:1,1
DA:12,1
DA:13,1
DA:16,1
DA:17,5
DA:20,1
DA:21,1
DA:25,1
DA:26,1
DA:30,1
DA:35,1
DA:40,1
DA:41,1
LF:13
LH:13
BRDA:20,0,0,1
BRDA:20,0,1,0
BRDA:20,1,0,1
BRDA:20,1,1,1
BRDA:17,2,0,1
BRDA:17,2,1,0
BRDA:17,3,0,1
BRDA:17,3,1,1
BRF:8
BRH:6
end_of_record
TN:
SF:src/profiles/profiles.module.ts
FNF:0
FNH:0
DA:1,0
DA:2,0
DA:3,0
DA:10,0
LF:4
LH:0
BRF:0
BRH:0
end_of_record
TN:
SF:src/profiles/profiles.service.ts
FN:24,(anonymous_2)
FN:29,(anonymous_3)
FN:38,(anonymous_4)
FN:79,(anonymous_5)
FN:112,(anonymous_6)
FN:119,(anonymous_7)
FN:149,(anonymous_8)
FN:150,(anonymous_9)
FN:156,(anonymous_10)
FNF:9
FNH:5
FNDA:5,(anonymous_2)
FNDA:6,(anonymous_3)
FNDA:3,(anonymous_4)
FNDA:0,(anonymous_5)
FNDA:0,(anonymous_6)
FNDA:1,(anonymous_7)
FNDA:0,(anonymous_8)
FNDA:0,(anonymous_9)
FNDA:2,(anonymous_10)
DA:1,2
DA:7,2
DA:8,2
DA:9,2
DA:10,2
DA:23,2
DA:25,5
DA:26,5
DA:30,6
DA:31,6
DA:32,6
DA:34,0
DA:39,3
DA:40,3
DA:41,0
DA:44,3
DA:47,3
DA:51,3
DA:52,1
DA:60,2
DA:69,2
DA:70,1
DA:72,1
DA:73,0
DA:75,1
DA:76,0
DA:79,1
DA:80,0
DA:84,1
DA:92,1
DA:106,1
DA:113,0
DA:114,0
DA:115,0
DA:116,0
DA:124,1
DA:126,1
DA:127,1
DA:128,1
DA:130,1
DA:142,1
DA:150,0
DA:151,0
DA:153,0
DA:157,2
LF:45
LH:33
BRDA:40,0,0,0
BRDA:40,0,1,3
BRDA:51,1,0,1
BRDA:51,1,1,2
BRDA:69,2,0,1
BRDA:69,2,1,1
BRDA:69,3,0,2
BRDA:69,3,1,1
BRDA:72,4,0,0
BRDA:72,4,1,1
BRDA:72,5,0,1
BRDA:72,5,1,1
BRDA:75,6,0,0
BRDA:75,6,1,1
BRDA:75,7,0,1
BRDA:75,7,1,1
BRDA:80,8,0,0
BRDA:80,8,1,0
BRDA:84,9,0,0
BRDA:84,9,1,1
BRDA:86,10,0,0
BRDA:86,10,1,1
BRDA:88,11,0,1
BRDA:88,11,1,0
BRDA:114,12,0,0
BRDA:114,12,1,0
BRDA:126,13,0,1
BRDA:126,13,1,0
BRDA:127,14,0,1
BRDA:127,14,1,0
BRDA:128,15,0,0
BRDA:128,15,1,1
BRDA:25,16,0,2
BRDA:25,16,1,0
BRDA:25,17,0,2
BRDA:25,17,1,2
BRDA:25,18,0,2
BRDA:25,18,1,0
BRDA:25,19,0,2
BRDA:25,19,1,2
BRF:40
BRH:25
end_of_record
TN:
SF:src/profiles/dto/create-profile.dto.ts
FNF:0
FNH:0
DA:1,1
DA:3,1
DA:6,1
LF:3
LH:3
BRF:0
BRH:0
end_of_record
